[
 {
  "Error": {
   "Message": "ERRORED! Got Exception (if any): ERROR: Bot #0: Invalid thrust 40 for ship 0 (maximum is 7). (at character 11.)\nInput received from bot:\nt 0 40 112 t 1 43 112 t 2 37 87 \n          ^; Response received (if any): t 0 40 112 t 1 43 112 t 2 37 87 ",
   "Turn": 1
  },
  "Frames": [
   {
    "Time": 4350,
    "Turn": 0
   },
   {
    "Time": 144
   }
  ],
  "PlayerID": 0,
  "PlayerName": "Tamagocchi"
 },
 {
  "Error": {
   "Message": "ERRORED! Got Exception (if any): ERROR: Bot #1: Invalid thrust 25 for ship 3 (maximum is 7). (at character 11.)\nInput received from bot:\nt 3 25 292 t 4 22 284 t 5 28 292 \n          ^; Response received (if any): t 3 25 292 t 4 22 284 t 5 28 292 ",
   "Turn": 1
  },
  "Frames": [
   {
    "Time": 4360,
    "Turn": 0
   },
   {
    "Time": 144
   }
  ],
  "PlayerID": 1,
  "PlayerName": "Tamagocchi"
 }
]
